mode: set
github.com/diconico07/goseccomp/lowlevel/arch.go:6.41,7.16 1 0
github.com/diconico07/goseccomp/lowlevel/arch.go:8.13,9.30 1 0
github.com/diconico07/goseccomp/lowlevel/arch.go:10.15,11.32 1 0
github.com/diconico07/goseccomp/lowlevel/arch.go:12.13,13.29 1 0
github.com/diconico07/goseccomp/lowlevel/arch.go:14.15,15.33 1 0
github.com/diconico07/goseccomp/lowlevel/arch.go:16.15,17.31 1 0
github.com/diconico07/goseccomp/lowlevel/arch.go:18.17,19.37 1 0
github.com/diconico07/goseccomp/lowlevel/arch.go:20.14,21.30 1 0
github.com/diconico07/goseccomp/lowlevel/arch.go:22.16,23.32 1 0
github.com/diconico07/goseccomp/lowlevel/arch.go:24.18,25.34 1 0
github.com/diconico07/goseccomp/lowlevel/arch.go:26.19,27.35 1 0
github.com/diconico07/goseccomp/lowlevel/arch.go:28.21,29.37 1 0
github.com/diconico07/goseccomp/lowlevel/arch.go:30.16,31.32 1 0
github.com/diconico07/goseccomp/lowlevel/arch.go:32.13,33.29 1 0
github.com/diconico07/goseccomp/lowlevel/arch.go:34.15,35.31 1 0
github.com/diconico07/goseccomp/lowlevel/arch.go:36.17,37.33 1 0
github.com/diconico07/goseccomp/lowlevel/arch.go:38.15,39.33 1 0
github.com/diconico07/goseccomp/lowlevel/arch.go:40.17,41.33 1 0
github.com/diconico07/goseccomp/lowlevel/arch.go:42.14,43.30 1 0
github.com/diconico07/goseccomp/lowlevel/arch.go:44.15,45.31 1 0
github.com/diconico07/goseccomp/lowlevel/arch.go:46.15,47.31 1 0
github.com/diconico07/goseccomp/lowlevel/arch.go:48.17,49.33 1 0
github.com/diconico07/goseccomp/lowlevel/arch.go:50.17,51.20 1 0
github.com/diconico07/goseccomp/lowlevel/arch.go:52.10,53.11 1 0
github.com/diconico07/goseccomp/lowlevel/arch.go:57.39,59.2 1 0
github.com/diconico07/goseccomp/lowlevel/arch.go:61.45,63.2 1 0
github.com/diconico07/goseccomp/lowlevel/syscalls.go:48.86,51.15 3 0
github.com/diconico07/goseccomp/lowlevel/syscalls.go:73.2,73.42 1 0
github.com/diconico07/goseccomp/lowlevel/syscalls.go:76.2,79.3 1 0
github.com/diconico07/goseccomp/lowlevel/syscalls.go:52.16,54.19 2 0
github.com/diconico07/goseccomp/lowlevel/syscalls.go:55.14,57.19 2 0
github.com/diconico07/goseccomp/lowlevel/syscalls.go:58.28,59.52 1 0
github.com/diconico07/goseccomp/lowlevel/syscalls.go:60.14,61.38 1 0
github.com/diconico07/goseccomp/lowlevel/syscalls.go:62.14,63.38 1 0
github.com/diconico07/goseccomp/lowlevel/syscalls.go:64.14,65.38 1 0
github.com/diconico07/goseccomp/lowlevel/syscalls.go:66.14,67.38 1 0
github.com/diconico07/goseccomp/lowlevel/syscalls.go:68.14,69.38 1 0
github.com/diconico07/goseccomp/lowlevel/syscalls.go:70.14,71.38 1 0
github.com/diconico07/goseccomp/lowlevel/syscalls.go:73.42,75.3 1 0
github.com/diconico07/goseccomp/lowlevel/syscalls.go:87.39,88.15 1 1
github.com/diconico07/goseccomp/lowlevel/syscalls.go:89.9,90.13 1 1
github.com/diconico07/goseccomp/lowlevel/syscalls.go:91.10,92.15 1 0
github.com/diconico07/goseccomp/lowlevel/syscalls.go:96.74,99.2 2 1
github.com/diconico07/goseccomp/lowlevel/syscalls.go:101.53,104.2 2 1
github.com/diconico07/goseccomp/lowlevel/syscalls.go:106.56,110.2 3 1
github.com/diconico07/goseccomp/lowlevel/syscalls.go:112.79,118.63 3 1
github.com/diconico07/goseccomp/lowlevel/syscalls.go:121.2,121.14 1 1
github.com/diconico07/goseccomp/lowlevel/syscalls.go:124.2,124.15 1 1
github.com/diconico07/goseccomp/lowlevel/syscalls.go:118.63,120.3 1 0
github.com/diconico07/goseccomp/lowlevel/syscalls.go:121.14,123.3 1 0
github.com/diconico07/goseccomp/lowlevel/syscalls.go:127.25,129.2 1 1
